{"C:\\Users\\cargo\\Desktop\\Fonaments\\sprint2\\debounce\\src\\cli.ts": {"path":"C:\\Users\\cargo\\Desktop\\Fonaments\\sprint2\\debounce\\src\\cli.ts","statementMap":{"0":{"start":{"line":1,"column":0},"end":{"line":1,"column":28}},"1":{"start":{"line":2,"column":0},"end":{"line":2,"column":41}},"2":{"start":{"line":4,"column":0},"end":{"line":4,"column":36}},"3":{"start":{"line":5,"column":0},"end":{"line":5,"column":37}},"4":{"start":{"line":6,"column":0},"end":{"line":6,"column":38}},"5":{"start":{"line":9,"column":11},"end":{"line":12,"column":2}},"6":{"start":{"line":14,"column":0},"end":{"line":16,"column":50}},"7":{"start":{"line":18,"column":0},"end":{"line":43,"column":7}},"8":{"start":{"line":24,"column":8},"end":{"line":41,"column":15}},"9":{"start":{"line":30,"column":32},"end":{"line":30,"column":60}},"10":{"start":{"line":33,"column":42},"end":{"line":36,"column":27}},"11":{"start":{"line":34,"column":20},"end":{"line":35,"column":59}},"12":{"start":{"line":38,"column":16},"end":{"line":38,"column":36}},"13":{"start":{"line":40,"column":16},"end":{"line":40,"column":27}},"14":{"start":{"line":46,"column":0},"end":{"line":46,"column":28}}},"fnMap":{"0":{"name":"(anonymous_7)","decl":{"start":{"line":22,"column":12},"end":{"line":22,"column":15}},"loc":{"start":{"line":22,"column":17},"end":{"line":43,"column":5}}},"1":{"name":"(anonymous_8)","decl":{"start":{"line":27,"column":12},"end":{"line":27,"column":13}},"loc":{"start":{"line":27,"column":23},"end":{"line":41,"column":13}}},"2":{"name":"(anonymous_9)","decl":{"start":{"line":33,"column":51},"end":{"line":33,"column":54}},"loc":{"start":{"line":33,"column":56},"end":{"line":36,"column":17}}}},"branchMap":{"0":{"loc":{"start":{"line":30,"column":32},"end":{"line":30,"column":60}},"type":"binary-expr","locations":[{"start":{"line":30,"column":32},"end":{"line":30,"column":52}},{"start":{"line":30,"column":56},"end":{"line":30,"column":60}}]}},"s":{"0":0,"1":0,"2":0,"3":0,"4":0,"5":0,"6":0,"7":0,"8":0,"9":0,"10":0,"11":0,"12":0,"13":0,"14":0},"f":{"0":0,"1":0,"2":0},"b":{"0":[0,0]}}
,"C:\\Users\\cargo\\Desktop\\Fonaments\\sprint2\\debounce\\src\\debounce.ts": {"path":"C:\\Users\\cargo\\Desktop\\Fonaments\\sprint2\\debounce\\src\\debounce.ts","statementMap":{"0":{"start":{"line":14,"column":4},"end":{"line":22,"column":null}},"1":{"start":{"line":16,"column":8},"end":{"line":16,"column":null}},"2":{"start":{"line":19,"column":8},"end":{"line":21,"column":null}},"3":{"start":{"line":20,"column":12},"end":{"line":20,"column":30}},"4":{"start":{"line":5,"column":0},"end":{"line":5,"column":16}}},"fnMap":{"0":{"name":"debounce","decl":{"start":{"line":5,"column":16},"end":{"line":5,"column":24}},"loc":{"start":{"line":7,"column":16},"end":{"line":23,"column":1}}},"1":{"name":"(anonymous_1)","decl":{"start":{"line":14,"column":11},"end":{"line":14,"column":12}},"loc":{"start":{"line":14,"column":32},"end":{"line":22,"column":5}}},"2":{"name":"(anonymous_2)","decl":{"start":{"line":19,"column":31},"end":{"line":19,"column":34}},"loc":{"start":{"line":19,"column":36},"end":{"line":21,"column":9}}}},"branchMap":{},"s":{"0":1,"1":6,"2":6,"3":2,"4":1},"f":{"0":1,"1":6,"2":2},"b":{}}
}
