TN:
SF:src\cli.ts
FN:22,(anonymous_7)
FN:27,(anonymous_8)
FN:33,(anonymous_9)
FNF:3
FNH:0
FNDA:0,(anonymous_7)
FNDA:0,(anonymous_8)
FNDA:0,(anonymous_9)
DA:1,0
DA:2,0
DA:4,0
DA:5,0
DA:6,0
DA:9,0
DA:14,0
DA:18,0
DA:24,0
DA:30,0
DA:33,0
DA:34,0
DA:38,0
DA:40,0
DA:46,0
LF:15
LH:0
BRDA:30,0,0,0
BRDA:30,0,1,0
BRF:2
BRH:0
end_of_record
TN:
SF:src\debounce.ts
FN:5,debounce
FN:14,(anonymous_1)
FN:19,(anonymous_2)
FNF:3
FNH:3
FNDA:1,debounce
FNDA:6,(anonymous_1)
FNDA:2,(anonymous_2)
DA:5,1
DA:14,1
DA:16,6
DA:19,6
DA:20,2
LF:5
LH:5
BRF:0
BRH:0
end_of_record
